<html>
<body>
<pre>
<h1>µVision Build Log</h1>
<h2>Tool Versions:</h2>
IDE-Version: ¦ÌVision V5.38.0.0
Copyright (C) 2022 ARM Ltd and ARM Germany GmbH. All rights reserved.
License Information: 1 1, 1, LIC=WHYH9-427S1-EVJ1R-K1PBF-C3LTS-X8MY8
 
Tool Versions:
Toolchain:       MDK-ARM Plus  Version: 5.41.0.0
Toolchain Path:  D:\Keil_v5\ARM\Version5.06\Bin
C Compiler:      Armcc.exe V5.06 update 7 (build 960)
Assembler:       Armasm.exe V5.06 update 7 (build 960)
Linker/Locator:  ArmLink.exe V5.06 update 7 (build 960)
Library Manager: ArmAr.exe V5.06 update 7 (build 960)
Hex Converter:   FromElf.exe V5.06 update 7 (build 960)
CPU DLL:         SARMCM3.DLL V5.41.0.0
Dialog DLL:      DCM.DLL V1.17.5.0
Target DLL:      CMSIS_AGDI.dll V1.33.21.0
Dialog DLL:      TCM.DLL V1.56.4.0
 
<h2>Project:</h2>
D:\ThreeToTwo\MDK-ARM\MOTOR.uvprojx
Project File Date:  01/23/2026

<h2>Output:</h2>
*** Using Compiler 'V5.06 update 7 (build 960)', folder: 'D:\Keil_v5\ARM\Version5.06\Bin'
Build target 'MOTOR'
compiling motor_system.c...
..\User\MotorControl\motor_system.c(3): error:  #20: identifier "MC" is undefined
  	if(MC.Sample.EndFlag == 1)                 //?§µ?ADC
..\User\MotorControl\motor_system.c(5): warning:  #223-D: function "Calculate_Bus_Voltage" declared implicitly
  		Calculate_Bus_Voltage(&MC.Sample);       //????
..\User\MotorControl\motor_system.c(6): warning:  #223-D: function "Calculate_Phase_Current" declared implicitly
  		Calculate_Phase_Current(&MC.Sample);     //?	
..\User\MotorControl\motor_system.c(14): error:  #20: identifier "MOTOR_ERROR" is undefined
  			MC.Motor.RunState = MOTOR_ERROR;       //» 
..\User\MotorControl\motor_system.c(17): error:  #20: identifier "MC" is undefined
  	switch (MC.Motor.RunState)
..\User\MotorControl\motor_system.c(19): error:  #20: identifier "ADC_CALIB" is undefined
  		case ADC_CALIB:                 //ADC§µ?
..\User\MotorControl\motor_system.c(21): warning:  #223-D: function "Calculate_Adc_Offset" declared implicitly
  			Calculate_Adc_Offset(&MC.Sample);
..\User\MotorControl\motor_system.c(24): error:  #20: identifier "MOTOR_SENSORUSE" is undefined
  				MC.Motor.RunState = MOTOR_SENSORUSE;
..\User\MotorControl\motor_system.c(28): error:  #20: identifier "MOTOR_SENSORUSE" is undefined
  		case MOTOR_SENSORUSE:                     //§Ú§á
..\User\MotorControl\motor_system.c(30): warning:  #223-D: function "Calculate_Encoder_Data" declared implicitly
  		  Calculate_Encoder_Data(&MC.Encoder);    //			
..\User\MotorControl\motor_system.c(31): warning:  #223-D: function "Sensoruse_Control" declared implicitly
        Sensoruse_Control();
..\User\MotorControl\motor_system.c: 5 warnings, 6 errors
"MOTOR\MOTOR.axf" - 6 Error(s), 5 Warning(s).

<h2>Software Packages used:</h2>

Package Vendor: ARM
                https://www.keil.com/pack/ARM.CMSIS.6.1.0.pack
                ARM.CMSIS.6.1.0
                CMSIS (Common Microcontroller Software Interface Standard)
   * Component: CORE Version: 6.1.0

Package Vendor: Keil
                https://www.keil.com/pack/Keil.STM32G4xx_DFP.2.2.0.pack
                Keil.STM32G4xx_DFP.2.2.0
                STMicroelectronics STM32G4 Series Device Support

<h2>Collection of Component include folders:</h2>
  ./RTE/_MOTOR
  D:/Keil_v5/ARM/PACK/ARM/CMSIS/6.1.0/CMSIS/Core/Include

<h2>Collection of Component Files used:</h2>

   * Component: ARM::CMSIS:CORE:6.1.0
      Include file:  CMSIS/Core/Include/tz_context.h
Target not created.
Build Time Elapsed:  00:00:02
</pre>
</body>
</html>
